2022-08-19 06:49:24,097:INFO:PyCaret Supervised Module
2022-08-19 06:49:24,106:INFO:ML Usecase: classification
2022-08-19 06:49:24,109:INFO:version 2.3.10
2022-08-19 06:49:24,115:INFO:Initializing setup()
2022-08-19 06:49:24,125:INFO:setup(target=Survived, ml_usecase=classification, available_plots={'parameter': 'Hyperparameters', 'auc': 'AUC', 'confusion_matrix': 'Confusion Matrix', 'threshold': 'Threshold', 'pr': 'Precision Recall', 'error': 'Prediction Error', 'class_report': 'Class Report', 'rfe': 'Feature Selection', 'learning': 'Learning Curve', 'manifold': 'Manifold Learning', 'calibration': 'Calibration Curve', 'vc': 'Validation Curve', 'dimension': 'Dimensions', 'feature': 'Feature Importance', 'feature_all': 'Feature Importance (All)', 'boundary': 'Decision Boundary', 'lift': 'Lift Chart', 'gain': 'Gain Chart', 'tree': 'Decision Tree', 'ks': 'KS Statistic Plot'}, train_size=0.7, test_data=None, preprocess=True, imputation_type=simple, iterative_imputation_iters=5, categorical_features=None, categorical_imputation=constant, categorical_iterative_imputer=lightgbm, ordinal_features=None, high_cardinality_features=None, high_cardinality_method=frequency, numeric_features=None, numeric_imputation=mean, numeric_iterative_imputer=lightgbm, date_features=None, ignore_features=None, normalize=False, normalize_method=zscore, transformation=False, transformation_method=yeo-johnson, handle_unknown_categorical=True, unknown_categorical_method=least_frequent, pca=False, pca_method=linear, pca_components=None, ignore_low_variance=False, combine_rare_levels=False, rare_level_threshold=0.1, bin_numeric_features=None, remove_outliers=False, outliers_threshold=0.05, remove_multicollinearity=False, multicollinearity_threshold=0.9, remove_perfect_collinearity=True, create_clusters=False, cluster_iter=20, polynomial_features=False, polynomial_degree=2, trigonometry_features=False, polynomial_threshold=0.1, group_features=None, group_names=None, feature_selection=False, feature_selection_threshold=0.8, feature_selection_method=classic, feature_interaction=False, feature_ratio=False, interaction_threshold=0.01, fix_imbalance=False, fix_imbalance_method=None, transform_target=False, transform_target_method=box-cox, data_split_shuffle=True, data_split_stratify=False, fold_strategy=stratifiedkfold, fold=10, fold_shuffle=False, fold_groups=None, n_jobs=-1, use_gpu=False, custom_pipeline=None, html=True, session_id=None, log_experiment=False, experiment_name=None, experiment_custom_tags=None, log_plots=False, log_profile=False, log_data=False, silent=False, verbose=True, profile=False, profile_kwargs=None, display=None)
2022-08-19 06:49:24,130:INFO:Checking environment
2022-08-19 06:49:24,136:INFO:python_version: 3.7.13
2022-08-19 06:49:24,140:INFO:python_build: ('default', 'Apr 24 2022 01:04:09')
2022-08-19 06:49:24,143:INFO:machine: x86_64
2022-08-19 06:49:24,150:INFO:platform: Linux-5.4.188+-x86_64-with-Ubuntu-18.04-bionic
2022-08-19 06:49:24,159:INFO:Memory: svmem(total=13617745920, available=11831017472, percent=13.1, used=1582596096, free=6739968000, active=2037878784, inactive=4441284608, buffers=142966784, cached=5152215040, shared=1241088, slab=278036480)
2022-08-19 06:49:24,163:INFO:Physical Core: 1
2022-08-19 06:49:24,167:INFO:Logical Core: 2
2022-08-19 06:49:24,170:INFO:Checking libraries
2022-08-19 06:49:24,173:INFO:pd==1.3.5
2022-08-19 06:49:24,176:INFO:numpy==1.19.5
2022-08-19 06:49:24,190:INFO:sklearn==0.23.2
2022-08-19 06:49:24,203:INFO:lightgbm==3.3.2
2022-08-19 06:49:24,206:WARNING:catboost not found
2022-08-19 06:49:24,274:INFO:xgboost==0.90
2022-08-19 06:49:24,275:INFO:mlflow==1.28.0
2022-08-19 06:49:24,277:INFO:Checking Exceptions
2022-08-19 06:49:24,278:INFO:Declaring global variables
2022-08-19 06:49:24,281:INFO:USI: e0fa
2022-08-19 06:49:24,282:INFO:pycaret_globals: {'fold_generator', 'USI', 'log_plots_param', '_gpu_n_jobs_param', 'pycaret_globals', 'gpu_param', 'y_train', '_all_models_internal', 'transform_target_param', 'imputation_regressor', 'exp_name_log', 'dashboard_logger', 'master_model_container', 'data_before_preprocess', 'fold_groups_param', 'display_container', 'X_test', 'fold_groups_param_full', 'fold_shuffle_param', 'create_model_container', 'fix_imbalance_method_param', 'prep_pipe', 'fix_imbalance_param', '_internal_pipeline', 'X_train', 'html_param', 'logging_param', 'experiment__', 'y_test', 'seed', '_available_plots', 'iterative_imputation_iters_param', '_all_metrics', 'n_jobs_param', 'transform_target_method_param', 'target_param', 'y', 'stratify_param', '_ml_usecase', 'X', 'imputation_classifier', 'fold_param', '_all_models'}
2022-08-19 06:49:24,284:INFO:Preparing display monitor
2022-08-19 06:49:24,286:INFO:Preparing display monitor
2022-08-19 06:49:24,332:INFO:Importing libraries
2022-08-19 06:49:24,333:INFO:Copying data for preprocessing
2022-08-19 06:49:24,360:INFO:Declaring preprocessing parameters
2022-08-19 06:49:24,371:INFO:Creating preprocessing pipeline
2022-08-19 06:49:24,402:INFO:Preprocessing pipeline created successfully
2022-08-19 06:49:24,407:ERROR:(Process Exit): setup has been interupted with user command 'quit'. setup must rerun.
2022-08-19 06:49:24,410:INFO:Creating global containers
2022-08-19 06:49:24,416:INFO:Internal pipeline: Pipeline(memory=None, steps=[('empty_step', 'passthrough')], verbose=False)
2022-08-19 06:54:41,393:WARNING:Wrong xgboost version. Expected xgboost>=1.1.0, got xgboost==0.90
2022-08-19 06:54:41,395:WARNING:Couldn't import catboost.CatBoostClassifier
2022-08-19 06:54:41,478:WARNING:Wrong xgboost version. Expected xgboost>=1.1.0, got xgboost==0.90
2022-08-19 06:54:41,480:WARNING:Couldn't import catboost.CatBoostClassifier
2022-08-19 06:54:41,483:INFO:Creating grid variables
2022-08-19 06:54:41,503:INFO:create_model_container: 0
2022-08-19 06:54:41,511:INFO:master_model_container: 0
2022-08-19 06:54:41,512:INFO:display_container: 1
2022-08-19 06:54:41,519:INFO:Pipeline(memory=None,
         steps=[('dtypes',
                 DataTypes_Auto_infer(categorical_features=[],
                                      display_types=True, features_todrop=[],
                                      id_columns=['PassengerId'],
                                      ml_usecase='classification',
                                      numerical_features=[], target='Survived',
                                      time_features=[])),
                ('imputer',
                 Simple_Imputer(categorical_strategy='not_available',
                                fill_value_categorical=None,
                                fill_value_numerical=Non...
                ('scaling', 'passthrough'), ('P_transform', 'passthrough'),
                ('binn', 'passthrough'), ('rem_outliers', 'passthrough'),
                ('cluster_all', 'passthrough'),
                ('dummy', Dummify(target='Survived')),
                ('fix_perfect', Remove_100(target='Survived')),
                ('clean_names', Clean_Colum_Names()),
                ('feature_select', 'passthrough'), ('fix_multi', 'passthrough'),
                ('dfs', 'passthrough'), ('pca', 'passthrough')],
         verbose=False)
2022-08-19 06:54:41,522:INFO:setup() succesfully completed......................................
2022-08-19 06:55:42,277:INFO:Initializing compare_models()
2022-08-19 06:55:42,289:INFO:compare_models(include=None, fold=None, round=4, cross_validation=True, sort=Accuracy, n_select=1, budget_time=None, turbo=True, errors=ignore, fit_kwargs=None, groups=None, experiment_custom_tags=None, probability_threshold=None, verbose=True, display=None, exclude=None)
2022-08-19 06:55:42,292:INFO:Checking exceptions
2022-08-19 06:55:42,298:INFO:Preparing display monitor
2022-08-19 06:55:42,308:INFO:Preparing display monitor
2022-08-19 06:55:42,453:INFO:Initializing Logistic Regression
2022-08-19 06:55:42,458:INFO:Total runtime is 9.483496348063151e-05 minutes
2022-08-19 06:55:42,478:INFO:SubProcess create_model() called ==================================
2022-08-19 06:55:42,481:INFO:Initializing create_model()
2022-08-19 06:55:42,484:INFO:create_model(estimator=lr, fold=StratifiedKFold(n_splits=10, random_state=None, shuffle=False), round=4, cross_validation=True, predict=True, fit_kwargs={}, groups=None, refit=False, verbose=False, system=False, metrics=None, experiment_custom_tags=None, add_to_model_list=True, probability_threshold=None, display=<pycaret.internal.Display.Display object at 0x7f8cbfbe1150>, return_train_score=False, kwargs={})
2022-08-19 06:55:42,487:INFO:Checking exceptions
2022-08-19 06:55:42,488:INFO:Importing libraries
2022-08-19 06:55:42,490:INFO:Copying training dataset
2022-08-19 06:55:42,493:INFO:Defining folds
2022-08-19 06:55:42,495:INFO:Declaring metric variables
2022-08-19 06:55:42,524:INFO:Importing untrained model
2022-08-19 06:55:42,553:INFO:Logistic Regression Imported succesfully
2022-08-19 06:55:42,611:INFO:Starting cross validation
2022-08-19 06:55:42,617:INFO:Cross validating with StratifiedKFold(n_splits=10, random_state=None, shuffle=False), n_jobs=-1
2022-08-19 06:55:51,127:INFO:Calculating mean and std
2022-08-19 06:55:51,137:INFO:Creating metrics dataframe
2022-08-19 06:55:51,168:INFO:Uploading results into container
2022-08-19 06:55:51,174:INFO:Uploading model into container now
2022-08-19 06:55:51,188:INFO:create_model_container: 1
2022-08-19 06:55:51,195:INFO:master_model_container: 1
2022-08-19 06:55:51,199:INFO:display_container: 2
2022-08-19 06:55:51,205:INFO:LogisticRegression(C=1.0, class_weight=None, dual=False, fit_intercept=True,
                   intercept_scaling=1, l1_ratio=None, max_iter=1000,
                   multi_class='auto', n_jobs=None, penalty='l2',
                   random_state=939, solver='lbfgs', tol=0.0001, verbose=0,
                   warm_start=False)
2022-08-19 06:55:51,211:INFO:create_model() succesfully completed......................................
2022-08-19 06:55:51,433:INFO:SubProcess create_model() end ==================================
2022-08-19 06:55:51,436:INFO:Creating metrics dataframe
2022-08-19 06:55:51,463:INFO:Initializing K Neighbors Classifier
2022-08-19 06:55:51,471:INFO:Total runtime is 0.1502997120221456 minutes
2022-08-19 06:55:51,510:INFO:SubProcess create_model() called ==================================
2022-08-19 06:55:51,513:INFO:Initializing create_model()
2022-08-19 06:55:51,515:INFO:create_model(estimator=knn, fold=StratifiedKFold(n_splits=10, random_state=None, shuffle=False), round=4, cross_validation=True, predict=True, fit_kwargs={}, groups=None, refit=False, verbose=False, system=False, metrics=None, experiment_custom_tags=None, add_to_model_list=True, probability_threshold=None, display=<pycaret.internal.Display.Display object at 0x7f8cbfbe1150>, return_train_score=False, kwargs={})
2022-08-19 06:55:51,518:INFO:Checking exceptions
2022-08-19 06:55:51,521:INFO:Importing libraries
2022-08-19 06:55:51,522:INFO:Copying training dataset
2022-08-19 06:55:51,527:INFO:Defining folds
2022-08-19 06:55:51,530:INFO:Declaring metric variables
2022-08-19 06:55:51,566:INFO:Importing untrained model
2022-08-19 06:55:51,585:INFO:K Neighbors Classifier Imported succesfully
2022-08-19 06:55:51,620:INFO:Starting cross validation
2022-08-19 06:55:51,624:INFO:Cross validating with StratifiedKFold(n_splits=10, random_state=None, shuffle=False), n_jobs=-1
2022-08-19 06:55:53,457:INFO:Calculating mean and std
2022-08-19 06:55:53,467:INFO:Creating metrics dataframe
2022-08-19 06:55:53,493:INFO:Uploading results into container
2022-08-19 06:55:53,500:INFO:Uploading model into container now
2022-08-19 06:55:53,504:INFO:create_model_container: 2
2022-08-19 06:55:53,505:INFO:master_model_container: 2
2022-08-19 06:55:53,507:INFO:display_container: 2
2022-08-19 06:55:53,509:INFO:KNeighborsClassifier(algorithm='auto', leaf_size=30, metric='minkowski',
                     metric_params=None, n_jobs=-1, n_neighbors=5, p=2,
                     weights='uniform')
2022-08-19 06:55:53,510:INFO:create_model() succesfully completed......................................
2022-08-19 06:55:53,661:INFO:SubProcess create_model() end ==================================
2022-08-19 06:55:53,664:INFO:Creating metrics dataframe
2022-08-19 06:55:53,695:INFO:Initializing Naive Bayes
2022-08-19 06:55:53,700:INFO:Total runtime is 0.18745566209157308 minutes
2022-08-19 06:55:53,726:INFO:SubProcess create_model() called ==================================
2022-08-19 06:55:53,731:INFO:Initializing create_model()
2022-08-19 06:55:53,735:INFO:create_model(estimator=nb, fold=StratifiedKFold(n_splits=10, random_state=None, shuffle=False), round=4, cross_validation=True, predict=True, fit_kwargs={}, groups=None, refit=False, verbose=False, system=False, metrics=None, experiment_custom_tags=None, add_to_model_list=True, probability_threshold=None, display=<pycaret.internal.Display.Display object at 0x7f8cbfbe1150>, return_train_score=False, kwargs={})
2022-08-19 06:55:53,739:INFO:Checking exceptions
2022-08-19 06:55:53,741:INFO:Importing libraries
2022-08-19 06:55:53,746:INFO:Copying training dataset
2022-08-19 06:55:53,749:INFO:Defining folds
2022-08-19 06:55:53,755:INFO:Declaring metric variables
2022-08-19 06:55:53,781:INFO:Importing untrained model
2022-08-19 06:55:53,807:INFO:Naive Bayes Imported succesfully
2022-08-19 06:55:53,851:INFO:Starting cross validation
2022-08-19 06:55:53,857:INFO:Cross validating with StratifiedKFold(n_splits=10, random_state=None, shuffle=False), n_jobs=-1
2022-08-19 06:55:54,339:INFO:Calculating mean and std
2022-08-19 06:55:54,343:INFO:Creating metrics dataframe
2022-08-19 06:55:54,355:INFO:Uploading results into container
2022-08-19 06:55:54,358:INFO:Uploading model into container now
2022-08-19 06:55:54,361:INFO:create_model_container: 3
2022-08-19 06:55:54,364:INFO:master_model_container: 3
2022-08-19 06:55:54,365:INFO:display_container: 2
2022-08-19 06:55:54,366:INFO:GaussianNB(priors=None, var_smoothing=1e-09)
2022-08-19 06:55:54,368:INFO:create_model() succesfully completed......................................
2022-08-19 06:55:54,484:INFO:SubProcess create_model() end ==================================
2022-08-19 06:55:54,487:INFO:Creating metrics dataframe
2022-08-19 06:55:54,511:INFO:Initializing Decision Tree Classifier
2022-08-19 06:55:54,515:INFO:Total runtime is 0.20103798309961954 minutes
2022-08-19 06:55:54,536:INFO:SubProcess create_model() called ==================================
2022-08-19 06:55:54,545:INFO:Initializing create_model()
2022-08-19 06:55:54,546:INFO:create_model(estimator=dt, fold=StratifiedKFold(n_splits=10, random_state=None, shuffle=False), round=4, cross_validation=True, predict=True, fit_kwargs={}, groups=None, refit=False, verbose=False, system=False, metrics=None, experiment_custom_tags=None, add_to_model_list=True, probability_threshold=None, display=<pycaret.internal.Display.Display object at 0x7f8cbfbe1150>, return_train_score=False, kwargs={})
2022-08-19 06:55:54,549:INFO:Checking exceptions
2022-08-19 06:55:54,551:INFO:Importing libraries
2022-08-19 06:55:54,553:INFO:Copying training dataset
2022-08-19 06:55:54,556:INFO:Defining folds
2022-08-19 06:55:54,558:INFO:Declaring metric variables
2022-08-19 06:55:54,581:INFO:Importing untrained model
2022-08-19 06:55:54,604:INFO:Decision Tree Classifier Imported succesfully
2022-08-19 06:55:54,643:INFO:Starting cross validation
2022-08-19 06:55:54,647:INFO:Cross validating with StratifiedKFold(n_splits=10, random_state=None, shuffle=False), n_jobs=-1
2022-08-19 06:55:55,108:INFO:Calculating mean and std
2022-08-19 06:55:55,111:INFO:Creating metrics dataframe
2022-08-19 06:55:55,124:INFO:Uploading results into container
2022-08-19 06:55:55,125:INFO:Uploading model into container now
2022-08-19 06:55:55,126:INFO:create_model_container: 4
2022-08-19 06:55:55,128:INFO:master_model_container: 4
2022-08-19 06:55:55,132:INFO:display_container: 2
2022-08-19 06:55:55,136:INFO:DecisionTreeClassifier(ccp_alpha=0.0, class_weight=None, criterion='gini',
                       max_depth=None, max_features=None, max_leaf_nodes=None,
                       min_impurity_decrease=0.0, min_impurity_split=None,
                       min_samples_leaf=1, min_samples_split=2,
                       min_weight_fraction_leaf=0.0, presort='deprecated',
                       random_state=939, splitter='best')
2022-08-19 06:55:55,139:INFO:create_model() succesfully completed......................................
2022-08-19 06:55:55,257:INFO:SubProcess create_model() end ==================================
2022-08-19 06:55:55,267:INFO:Creating metrics dataframe
2022-08-19 06:55:55,290:INFO:Initializing SVM - Linear Kernel
2022-08-19 06:55:55,296:INFO:Total runtime is 0.21405263741811115 minutes
2022-08-19 06:55:55,315:INFO:SubProcess create_model() called ==================================
2022-08-19 06:55:55,320:INFO:Initializing create_model()
2022-08-19 06:55:55,324:INFO:create_model(estimator=svm, fold=StratifiedKFold(n_splits=10, random_state=None, shuffle=False), round=4, cross_validation=True, predict=True, fit_kwargs={}, groups=None, refit=False, verbose=False, system=False, metrics=None, experiment_custom_tags=None, add_to_model_list=True, probability_threshold=None, display=<pycaret.internal.Display.Display object at 0x7f8cbfbe1150>, return_train_score=False, kwargs={})
2022-08-19 06:55:55,328:INFO:Checking exceptions
2022-08-19 06:55:55,330:INFO:Importing libraries
2022-08-19 06:55:55,332:INFO:Copying training dataset
2022-08-19 06:55:55,336:INFO:Defining folds
2022-08-19 06:55:55,341:INFO:Declaring metric variables
2022-08-19 06:55:55,364:INFO:Importing untrained model
2022-08-19 06:55:55,384:INFO:SVM - Linear Kernel Imported succesfully
2022-08-19 06:55:55,420:INFO:Starting cross validation
2022-08-19 06:55:55,424:INFO:Cross validating with StratifiedKFold(n_splits=10, random_state=None, shuffle=False), n_jobs=-1
2022-08-19 06:55:55,867:INFO:Calculating mean and std
2022-08-19 06:55:55,870:INFO:Creating metrics dataframe
2022-08-19 06:55:55,883:INFO:Uploading results into container
2022-08-19 06:55:55,886:INFO:Uploading model into container now
2022-08-19 06:55:55,891:INFO:create_model_container: 5
2022-08-19 06:55:55,895:INFO:master_model_container: 5
2022-08-19 06:55:55,898:INFO:display_container: 2
2022-08-19 06:55:55,902:INFO:SGDClassifier(alpha=0.0001, average=False, class_weight=None,
              early_stopping=False, epsilon=0.1, eta0=0.001, fit_intercept=True,
              l1_ratio=0.15, learning_rate='optimal', loss='hinge',
              max_iter=1000, n_iter_no_change=5, n_jobs=-1, penalty='l2',
              power_t=0.5, random_state=939, shuffle=True, tol=0.001,
              validation_fraction=0.1, verbose=0, warm_start=False)
2022-08-19 06:55:55,906:INFO:create_model() succesfully completed......................................
2022-08-19 06:55:56,026:INFO:SubProcess create_model() end ==================================
2022-08-19 06:55:56,030:INFO:Creating metrics dataframe
2022-08-19 06:55:56,061:INFO:Initializing Ridge Classifier
2022-08-19 06:55:56,064:INFO:Total runtime is 0.22685528993606566 minutes
2022-08-19 06:55:56,084:INFO:SubProcess create_model() called ==================================
2022-08-19 06:55:56,088:INFO:Initializing create_model()
2022-08-19 06:55:56,091:INFO:create_model(estimator=ridge, fold=StratifiedKFold(n_splits=10, random_state=None, shuffle=False), round=4, cross_validation=True, predict=True, fit_kwargs={}, groups=None, refit=False, verbose=False, system=False, metrics=None, experiment_custom_tags=None, add_to_model_list=True, probability_threshold=None, display=<pycaret.internal.Display.Display object at 0x7f8cbfbe1150>, return_train_score=False, kwargs={})
2022-08-19 06:55:56,094:INFO:Checking exceptions
2022-08-19 06:55:56,096:INFO:Importing libraries
2022-08-19 06:55:56,098:INFO:Copying training dataset
2022-08-19 06:55:56,101:INFO:Defining folds
2022-08-19 06:55:56,102:INFO:Declaring metric variables
2022-08-19 06:55:56,126:INFO:Importing untrained model
2022-08-19 06:55:56,143:INFO:Ridge Classifier Imported succesfully
2022-08-19 06:55:56,178:INFO:Starting cross validation
2022-08-19 06:55:56,183:INFO:Cross validating with StratifiedKFold(n_splits=10, random_state=None, shuffle=False), n_jobs=-1
2022-08-19 06:55:56,566:INFO:Calculating mean and std
2022-08-19 06:55:56,572:INFO:Creating metrics dataframe
2022-08-19 06:55:56,585:INFO:Uploading results into container
2022-08-19 06:55:56,588:INFO:Uploading model into container now
2022-08-19 06:55:56,591:INFO:create_model_container: 6
2022-08-19 06:55:56,601:INFO:master_model_container: 6
2022-08-19 06:55:56,602:INFO:display_container: 2
2022-08-19 06:55:56,605:INFO:RidgeClassifier(alpha=1.0, class_weight=None, copy_X=True, fit_intercept=True,
                max_iter=None, normalize=False, random_state=939, solver='auto',
                tol=0.001)
2022-08-19 06:55:56,607:INFO:create_model() succesfully completed......................................
2022-08-19 06:55:56,726:INFO:SubProcess create_model() end ==================================
2022-08-19 06:55:56,728:INFO:Creating metrics dataframe
2022-08-19 06:55:56,755:INFO:Initializing Random Forest Classifier
2022-08-19 06:55:56,759:INFO:Total runtime is 0.2384363770484924 minutes
2022-08-19 06:55:56,786:INFO:SubProcess create_model() called ==================================
2022-08-19 06:55:56,790:INFO:Initializing create_model()
2022-08-19 06:55:56,793:INFO:create_model(estimator=rf, fold=StratifiedKFold(n_splits=10, random_state=None, shuffle=False), round=4, cross_validation=True, predict=True, fit_kwargs={}, groups=None, refit=False, verbose=False, system=False, metrics=None, experiment_custom_tags=None, add_to_model_list=True, probability_threshold=None, display=<pycaret.internal.Display.Display object at 0x7f8cbfbe1150>, return_train_score=False, kwargs={})
2022-08-19 06:55:56,797:INFO:Checking exceptions
2022-08-19 06:55:56,800:INFO:Importing libraries
2022-08-19 06:55:56,803:INFO:Copying training dataset
2022-08-19 06:55:56,808:INFO:Defining folds
2022-08-19 06:55:56,810:INFO:Declaring metric variables
2022-08-19 06:55:56,831:INFO:Importing untrained model
2022-08-19 06:55:56,854:INFO:Random Forest Classifier Imported succesfully
2022-08-19 06:55:56,891:INFO:Starting cross validation
2022-08-19 06:55:56,896:INFO:Cross validating with StratifiedKFold(n_splits=10, random_state=None, shuffle=False), n_jobs=-1
2022-08-19 06:56:02,543:INFO:Calculating mean and std
2022-08-19 06:56:02,549:INFO:Creating metrics dataframe
2022-08-19 06:56:02,561:INFO:Uploading results into container
2022-08-19 06:56:02,566:INFO:Uploading model into container now
2022-08-19 06:56:02,568:INFO:create_model_container: 7
2022-08-19 06:56:02,571:INFO:master_model_container: 7
2022-08-19 06:56:02,574:INFO:display_container: 2
2022-08-19 06:56:02,578:INFO:RandomForestClassifier(bootstrap=True, ccp_alpha=0.0, class_weight=None,
                       criterion='gini', max_depth=None, max_features='auto',
                       max_leaf_nodes=None, max_samples=None,
                       min_impurity_decrease=0.0, min_impurity_split=None,
                       min_samples_leaf=1, min_samples_split=2,
                       min_weight_fraction_leaf=0.0, n_estimators=100,
                       n_jobs=-1, oob_score=False, random_state=939, verbose=0,
                       warm_start=False)
2022-08-19 06:56:02,579:INFO:create_model() succesfully completed......................................
2022-08-19 06:56:02,700:INFO:SubProcess create_model() end ==================================
2022-08-19 06:56:02,703:INFO:Creating metrics dataframe
2022-08-19 06:56:02,726:INFO:Initializing Quadratic Discriminant Analysis
2022-08-19 06:56:02,728:INFO:Total runtime is 0.3379124244054158 minutes
2022-08-19 06:56:02,752:INFO:SubProcess create_model() called ==================================
2022-08-19 06:56:02,754:INFO:Initializing create_model()
2022-08-19 06:56:02,759:INFO:create_model(estimator=qda, fold=StratifiedKFold(n_splits=10, random_state=None, shuffle=False), round=4, cross_validation=True, predict=True, fit_kwargs={}, groups=None, refit=False, verbose=False, system=False, metrics=None, experiment_custom_tags=None, add_to_model_list=True, probability_threshold=None, display=<pycaret.internal.Display.Display object at 0x7f8cbfbe1150>, return_train_score=False, kwargs={})
2022-08-19 06:56:02,762:INFO:Checking exceptions
2022-08-19 06:56:02,765:INFO:Importing libraries
2022-08-19 06:56:02,768:INFO:Copying training dataset
2022-08-19 06:56:02,773:INFO:Defining folds
2022-08-19 06:56:02,775:INFO:Declaring metric variables
2022-08-19 06:56:02,802:INFO:Importing untrained model
2022-08-19 06:56:02,820:INFO:Quadratic Discriminant Analysis Imported succesfully
2022-08-19 06:56:02,853:INFO:Starting cross validation
2022-08-19 06:56:02,856:INFO:Cross validating with StratifiedKFold(n_splits=10, random_state=None, shuffle=False), n_jobs=-1
2022-08-19 06:56:03,943:INFO:Calculating mean and std
2022-08-19 06:56:03,945:INFO:Creating metrics dataframe
2022-08-19 06:56:03,963:INFO:Uploading results into container
2022-08-19 06:56:03,966:INFO:Uploading model into container now
2022-08-19 06:56:03,970:INFO:create_model_container: 8
2022-08-19 06:56:03,971:INFO:master_model_container: 8
2022-08-19 06:56:03,977:INFO:display_container: 2
2022-08-19 06:56:03,979:INFO:QuadraticDiscriminantAnalysis(priors=None, reg_param=0.0,
                              store_covariance=False, tol=0.0001)
2022-08-19 06:56:03,981:INFO:create_model() succesfully completed......................................
2022-08-19 06:56:04,104:INFO:SubProcess create_model() end ==================================
2022-08-19 06:56:04,106:INFO:Creating metrics dataframe
2022-08-19 06:56:04,135:INFO:Initializing Ada Boost Classifier
2022-08-19 06:56:04,140:INFO:Total runtime is 0.361449921131134 minutes
2022-08-19 06:56:04,160:INFO:SubProcess create_model() called ==================================
2022-08-19 06:56:04,163:INFO:Initializing create_model()
2022-08-19 06:56:04,167:INFO:create_model(estimator=ada, fold=StratifiedKFold(n_splits=10, random_state=None, shuffle=False), round=4, cross_validation=True, predict=True, fit_kwargs={}, groups=None, refit=False, verbose=False, system=False, metrics=None, experiment_custom_tags=None, add_to_model_list=True, probability_threshold=None, display=<pycaret.internal.Display.Display object at 0x7f8cbfbe1150>, return_train_score=False, kwargs={})
2022-08-19 06:56:04,170:INFO:Checking exceptions
2022-08-19 06:56:04,172:INFO:Importing libraries
2022-08-19 06:56:04,175:INFO:Copying training dataset
2022-08-19 06:56:04,178:INFO:Defining folds
2022-08-19 06:56:04,179:INFO:Declaring metric variables
2022-08-19 06:56:04,199:INFO:Importing untrained model
2022-08-19 06:56:04,221:INFO:Ada Boost Classifier Imported succesfully
2022-08-19 06:56:04,256:INFO:Starting cross validation
2022-08-19 06:56:04,262:INFO:Cross validating with StratifiedKFold(n_splits=10, random_state=None, shuffle=False), n_jobs=-1
2022-08-19 06:56:06,225:INFO:Calculating mean and std
2022-08-19 06:56:06,229:INFO:Creating metrics dataframe
2022-08-19 06:56:06,245:INFO:Uploading results into container
2022-08-19 06:56:06,249:INFO:Uploading model into container now
2022-08-19 06:56:06,253:INFO:create_model_container: 9
2022-08-19 06:56:06,256:INFO:master_model_container: 9
2022-08-19 06:56:06,258:INFO:display_container: 2
2022-08-19 06:56:06,260:INFO:AdaBoostClassifier(algorithm='SAMME.R', base_estimator=None, learning_rate=1.0,
                   n_estimators=50, random_state=939)
2022-08-19 06:56:06,262:INFO:create_model() succesfully completed......................................
2022-08-19 06:56:06,388:INFO:SubProcess create_model() end ==================================
2022-08-19 06:56:06,398:INFO:Creating metrics dataframe
2022-08-19 06:56:06,423:INFO:Initializing Gradient Boosting Classifier
2022-08-19 06:56:06,427:INFO:Total runtime is 0.39956947167714435 minutes
2022-08-19 06:56:06,448:INFO:SubProcess create_model() called ==================================
2022-08-19 06:56:06,456:INFO:Initializing create_model()
2022-08-19 06:56:06,457:INFO:create_model(estimator=gbc, fold=StratifiedKFold(n_splits=10, random_state=None, shuffle=False), round=4, cross_validation=True, predict=True, fit_kwargs={}, groups=None, refit=False, verbose=False, system=False, metrics=None, experiment_custom_tags=None, add_to_model_list=True, probability_threshold=None, display=<pycaret.internal.Display.Display object at 0x7f8cbfbe1150>, return_train_score=False, kwargs={})
2022-08-19 06:56:06,460:INFO:Checking exceptions
2022-08-19 06:56:06,463:INFO:Importing libraries
2022-08-19 06:56:06,465:INFO:Copying training dataset
2022-08-19 06:56:06,467:INFO:Defining folds
2022-08-19 06:56:06,469:INFO:Declaring metric variables
2022-08-19 06:56:06,492:INFO:Importing untrained model
2022-08-19 06:56:06,511:INFO:Gradient Boosting Classifier Imported succesfully
2022-08-19 06:56:06,546:INFO:Starting cross validation
2022-08-19 06:56:06,552:INFO:Cross validating with StratifiedKFold(n_splits=10, random_state=None, shuffle=False), n_jobs=-1
2022-08-19 06:56:10,840:INFO:Calculating mean and std
2022-08-19 06:56:10,843:INFO:Creating metrics dataframe
2022-08-19 06:56:10,860:INFO:Uploading results into container
2022-08-19 06:56:10,862:INFO:Uploading model into container now
2022-08-19 06:56:10,864:INFO:create_model_container: 10
2022-08-19 06:56:10,867:INFO:master_model_container: 10
2022-08-19 06:56:10,870:INFO:display_container: 2
2022-08-19 06:56:10,873:INFO:GradientBoostingClassifier(ccp_alpha=0.0, criterion='friedman_mse', init=None,
                           learning_rate=0.1, loss='deviance', max_depth=3,
                           max_features=None, max_leaf_nodes=None,
                           min_impurity_decrease=0.0, min_impurity_split=None,
                           min_samples_leaf=1, min_samples_split=2,
                           min_weight_fraction_leaf=0.0, n_estimators=100,
                           n_iter_no_change=None, presort='deprecated',
                           random_state=939, subsample=1.0, tol=0.0001,
                           validation_fraction=0.1, verbose=0,
                           warm_start=False)
2022-08-19 06:56:10,875:INFO:create_model() succesfully completed......................................
2022-08-19 06:56:10,990:INFO:SubProcess create_model() end ==================================
2022-08-19 06:56:10,993:INFO:Creating metrics dataframe
2022-08-19 06:56:11,021:INFO:Initializing Linear Discriminant Analysis
2022-08-19 06:56:11,025:INFO:Total runtime is 0.47620908419291175 minutes
2022-08-19 06:56:11,050:INFO:SubProcess create_model() called ==================================
2022-08-19 06:56:11,053:INFO:Initializing create_model()
2022-08-19 06:56:11,056:INFO:create_model(estimator=lda, fold=StratifiedKFold(n_splits=10, random_state=None, shuffle=False), round=4, cross_validation=True, predict=True, fit_kwargs={}, groups=None, refit=False, verbose=False, system=False, metrics=None, experiment_custom_tags=None, add_to_model_list=True, probability_threshold=None, display=<pycaret.internal.Display.Display object at 0x7f8cbfbe1150>, return_train_score=False, kwargs={})
2022-08-19 06:56:11,063:INFO:Checking exceptions
2022-08-19 06:56:11,065:INFO:Importing libraries
2022-08-19 06:56:11,067:INFO:Copying training dataset
2022-08-19 06:56:11,070:INFO:Defining folds
2022-08-19 06:56:11,072:INFO:Declaring metric variables
2022-08-19 06:56:11,093:INFO:Importing untrained model
2022-08-19 06:56:11,109:INFO:Linear Discriminant Analysis Imported succesfully
2022-08-19 06:56:11,147:INFO:Starting cross validation
2022-08-19 06:56:11,152:INFO:Cross validating with StratifiedKFold(n_splits=10, random_state=None, shuffle=False), n_jobs=-1
2022-08-19 06:56:13,197:INFO:Calculating mean and std
2022-08-19 06:56:13,200:INFO:Creating metrics dataframe
2022-08-19 06:56:13,218:INFO:Uploading results into container
2022-08-19 06:56:13,220:INFO:Uploading model into container now
2022-08-19 06:56:13,221:INFO:create_model_container: 11
2022-08-19 06:56:13,224:INFO:master_model_container: 11
2022-08-19 06:56:13,226:INFO:display_container: 2
2022-08-19 06:56:13,228:INFO:LinearDiscriminantAnalysis(n_components=None, priors=None, shrinkage=None,
                           solver='svd', store_covariance=False, tol=0.0001)
2022-08-19 06:56:13,230:INFO:create_model() succesfully completed......................................
2022-08-19 06:56:13,359:INFO:SubProcess create_model() end ==================================
2022-08-19 06:56:13,361:INFO:Creating metrics dataframe
2022-08-19 06:56:13,387:INFO:Initializing Extra Trees Classifier
2022-08-19 06:56:13,392:INFO:Total runtime is 0.515659777323405 minutes
2022-08-19 06:56:13,417:INFO:SubProcess create_model() called ==================================
2022-08-19 06:56:13,420:INFO:Initializing create_model()
2022-08-19 06:56:13,424:INFO:create_model(estimator=et, fold=StratifiedKFold(n_splits=10, random_state=None, shuffle=False), round=4, cross_validation=True, predict=True, fit_kwargs={}, groups=None, refit=False, verbose=False, system=False, metrics=None, experiment_custom_tags=None, add_to_model_list=True, probability_threshold=None, display=<pycaret.internal.Display.Display object at 0x7f8cbfbe1150>, return_train_score=False, kwargs={})
2022-08-19 06:56:13,427:INFO:Checking exceptions
2022-08-19 06:56:13,431:INFO:Importing libraries
2022-08-19 06:56:13,433:INFO:Copying training dataset
2022-08-19 06:56:13,438:INFO:Defining folds
2022-08-19 06:56:13,440:INFO:Declaring metric variables
2022-08-19 06:56:13,463:INFO:Importing untrained model
2022-08-19 06:56:13,486:INFO:Extra Trees Classifier Imported succesfully
2022-08-19 06:56:13,517:INFO:Starting cross validation
2022-08-19 06:56:13,520:INFO:Cross validating with StratifiedKFold(n_splits=10, random_state=None, shuffle=False), n_jobs=-1
2022-08-19 06:56:19,131:INFO:Calculating mean and std
2022-08-19 06:56:19,136:INFO:Creating metrics dataframe
2022-08-19 06:56:19,149:INFO:Uploading results into container
2022-08-19 06:56:19,153:INFO:Uploading model into container now
2022-08-19 06:56:19,158:INFO:create_model_container: 12
2022-08-19 06:56:19,161:INFO:master_model_container: 12
2022-08-19 06:56:19,164:INFO:display_container: 2
2022-08-19 06:56:19,166:INFO:ExtraTreesClassifier(bootstrap=False, ccp_alpha=0.0, class_weight=None,
                     criterion='gini', max_depth=None, max_features='auto',
                     max_leaf_nodes=None, max_samples=None,
                     min_impurity_decrease=0.0, min_impurity_split=None,
                     min_samples_leaf=1, min_samples_split=2,
                     min_weight_fraction_leaf=0.0, n_estimators=100, n_jobs=-1,
                     oob_score=False, random_state=939, verbose=0,
                     warm_start=False)
2022-08-19 06:56:19,167:INFO:create_model() succesfully completed......................................
2022-08-19 06:56:19,289:INFO:SubProcess create_model() end ==================================
2022-08-19 06:56:19,291:INFO:Creating metrics dataframe
2022-08-19 06:56:19,324:INFO:Initializing Light Gradient Boosting Machine
2022-08-19 06:56:19,328:INFO:Total runtime is 0.6145926713943481 minutes
2022-08-19 06:56:19,349:INFO:SubProcess create_model() called ==================================
2022-08-19 06:56:19,356:INFO:Initializing create_model()
2022-08-19 06:56:19,359:INFO:create_model(estimator=lightgbm, fold=StratifiedKFold(n_splits=10, random_state=None, shuffle=False), round=4, cross_validation=True, predict=True, fit_kwargs={}, groups=None, refit=False, verbose=False, system=False, metrics=None, experiment_custom_tags=None, add_to_model_list=True, probability_threshold=None, display=<pycaret.internal.Display.Display object at 0x7f8cbfbe1150>, return_train_score=False, kwargs={})
2022-08-19 06:56:19,361:INFO:Checking exceptions
2022-08-19 06:56:19,362:INFO:Importing libraries
2022-08-19 06:56:19,364:INFO:Copying training dataset
2022-08-19 06:56:19,367:INFO:Defining folds
2022-08-19 06:56:19,370:INFO:Declaring metric variables
2022-08-19 06:56:19,390:INFO:Importing untrained model
2022-08-19 06:56:19,413:INFO:Light Gradient Boosting Machine Imported succesfully
2022-08-19 06:56:19,444:INFO:Starting cross validation
2022-08-19 06:56:19,449:INFO:Cross validating with StratifiedKFold(n_splits=10, random_state=None, shuffle=False), n_jobs=-1
2022-08-19 06:56:20,413:INFO:Calculating mean and std
2022-08-19 06:56:20,418:INFO:Creating metrics dataframe
2022-08-19 06:56:20,430:INFO:Uploading results into container
2022-08-19 06:56:20,434:INFO:Uploading model into container now
2022-08-19 06:56:20,439:INFO:create_model_container: 13
2022-08-19 06:56:20,441:INFO:master_model_container: 13
2022-08-19 06:56:20,444:INFO:display_container: 2
2022-08-19 06:56:20,446:INFO:LGBMClassifier(boosting_type='gbdt', class_weight=None, colsample_bytree=1.0,
               importance_type='split', learning_rate=0.1, max_depth=-1,
               min_child_samples=20, min_child_weight=0.001, min_split_gain=0.0,
               n_estimators=100, n_jobs=-1, num_leaves=31, objective=None,
               random_state=939, reg_alpha=0.0, reg_lambda=0.0, silent='warn',
               subsample=1.0, subsample_for_bin=200000, subsample_freq=0)
2022-08-19 06:56:20,448:INFO:create_model() succesfully completed......................................
2022-08-19 06:56:20,566:INFO:SubProcess create_model() end ==================================
2022-08-19 06:56:20,569:INFO:Creating metrics dataframe
2022-08-19 06:56:20,599:INFO:Initializing Dummy Classifier
2022-08-19 06:56:20,605:INFO:Total runtime is 0.6358747680981954 minutes
2022-08-19 06:56:20,627:INFO:SubProcess create_model() called ==================================
2022-08-19 06:56:20,630:INFO:Initializing create_model()
2022-08-19 06:56:20,632:INFO:create_model(estimator=dummy, fold=StratifiedKFold(n_splits=10, random_state=None, shuffle=False), round=4, cross_validation=True, predict=True, fit_kwargs={}, groups=None, refit=False, verbose=False, system=False, metrics=None, experiment_custom_tags=None, add_to_model_list=True, probability_threshold=None, display=<pycaret.internal.Display.Display object at 0x7f8cbfbe1150>, return_train_score=False, kwargs={})
2022-08-19 06:56:20,635:INFO:Checking exceptions
2022-08-19 06:56:20,638:INFO:Importing libraries
2022-08-19 06:56:20,639:INFO:Copying training dataset
2022-08-19 06:56:20,642:INFO:Defining folds
2022-08-19 06:56:20,648:INFO:Declaring metric variables
2022-08-19 06:56:20,680:INFO:Importing untrained model
2022-08-19 06:56:20,699:INFO:Dummy Classifier Imported succesfully
2022-08-19 06:56:20,736:INFO:Starting cross validation
2022-08-19 06:56:20,740:INFO:Cross validating with StratifiedKFold(n_splits=10, random_state=None, shuffle=False), n_jobs=-1
2022-08-19 06:56:20,960:INFO:Calculating mean and std
2022-08-19 06:56:20,962:INFO:Creating metrics dataframe
2022-08-19 06:56:20,978:INFO:Uploading results into container
2022-08-19 06:56:20,982:INFO:Uploading model into container now
2022-08-19 06:56:20,985:INFO:create_model_container: 14
2022-08-19 06:56:20,988:INFO:master_model_container: 14
2022-08-19 06:56:20,993:INFO:display_container: 2
2022-08-19 06:56:20,995:INFO:DummyClassifier(constant=None, random_state=939, strategy='prior')
2022-08-19 06:56:20,999:INFO:create_model() succesfully completed......................................
2022-08-19 06:56:21,118:INFO:SubProcess create_model() end ==================================
2022-08-19 06:56:21,122:INFO:Creating metrics dataframe
2022-08-19 06:56:21,192:INFO:Initializing create_model()
2022-08-19 06:56:21,196:INFO:create_model(estimator=RidgeClassifier(alpha=1.0, class_weight=None, copy_X=True, fit_intercept=True,
                max_iter=None, normalize=False, random_state=939, solver='auto',
                tol=0.001), fold=StratifiedKFold(n_splits=10, random_state=None, shuffle=False), round=4, cross_validation=False, predict=False, fit_kwargs={}, groups=None, refit=True, verbose=False, system=False, metrics=None, experiment_custom_tags=None, add_to_model_list=True, probability_threshold=None, display=None, return_train_score=False, kwargs={})
2022-08-19 06:56:21,200:INFO:Checking exceptions
2022-08-19 06:56:21,205:INFO:Importing libraries
2022-08-19 06:56:21,208:INFO:Copying training dataset
2022-08-19 06:56:21,211:INFO:Defining folds
2022-08-19 06:56:21,212:INFO:Declaring metric variables
2022-08-19 06:56:21,213:INFO:Importing untrained model
2022-08-19 06:56:21,214:INFO:Declaring custom model
2022-08-19 06:56:21,218:INFO:Ridge Classifier Imported succesfully
2022-08-19 06:56:21,219:INFO:Cross validation set to False
2022-08-19 06:56:21,223:INFO:Fitting Model
2022-08-19 06:56:21,279:INFO:RidgeClassifier(alpha=1.0, class_weight=None, copy_X=True, fit_intercept=True,
                max_iter=None, normalize=False, random_state=939, solver='auto',
                tol=0.001)
2022-08-19 06:56:21,280:INFO:create_models() succesfully completed......................................
2022-08-19 06:56:21,496:INFO:create_model_container: 14
2022-08-19 06:56:21,500:INFO:master_model_container: 14
2022-08-19 06:56:21,503:INFO:display_container: 2
2022-08-19 06:56:21,506:INFO:RidgeClassifier(alpha=1.0, class_weight=None, copy_X=True, fit_intercept=True,
                max_iter=None, normalize=False, random_state=939, solver='auto',
                tol=0.001)
2022-08-19 06:56:21,509:INFO:compare_models() succesfully completed......................................
2022-08-19 07:00:06,640:INFO:Initializing evaluate_model()
2022-08-19 07:00:06,650:INFO:evaluate_model(estimator=RidgeClassifier(alpha=1.0, class_weight=None, copy_X=True, fit_intercept=True,
                max_iter=None, normalize=False, random_state=939, solver='auto',
                tol=0.001), fold=None, fit_kwargs=None, plot_kwargs=None, feature_name=None, groups=None, use_train_data=False)
2022-08-19 07:00:06,732:INFO:Initializing plot_model()
2022-08-19 07:00:06,737:INFO:plot_model(fold=StratifiedKFold(n_splits=10, random_state=None, shuffle=False), use_train_data=False, verbose=True, is_in_evaluate=True, display=None, display_format=None, estimator=RidgeClassifier(alpha=1.0, class_weight=None, copy_X=True, fit_intercept=True,
                max_iter=None, normalize=False, random_state=939, solver='auto',
                tol=0.001), feature_name=None, fit_kwargs={}, groups=None, label=False, plot=parameter, plot_kwargs={}, save=False, scale=1, system=True)
2022-08-19 07:00:06,742:INFO:Checking exceptions
2022-08-19 07:00:06,746:INFO:Preparing display monitor
2022-08-19 07:00:06,778:INFO:Preloading libraries
2022-08-19 07:00:06,793:INFO:Copying training dataset
2022-08-19 07:00:06,804:INFO:Copying test dataset
2022-08-19 07:00:06,806:INFO:Plot type: parameter
2022-08-19 07:00:06,823:INFO:Visual Rendered Successfully
2022-08-19 07:00:06,993:INFO:plot_model() succesfully completed......................................
2022-08-19 07:00:15,962:INFO:Initializing plot_model()
2022-08-19 07:00:15,970:INFO:plot_model(fold=StratifiedKFold(n_splits=10, random_state=None, shuffle=False), use_train_data=False, verbose=True, is_in_evaluate=True, display=None, display_format=None, estimator=RidgeClassifier(alpha=1.0, class_weight=None, copy_X=True, fit_intercept=True,
                max_iter=None, normalize=False, random_state=939, solver='auto',
                tol=0.001), feature_name=None, fit_kwargs={}, groups=None, label=False, plot=auc, plot_kwargs={}, save=False, scale=1, system=True)
2022-08-19 07:00:15,974:INFO:Checking exceptions
2022-08-19 07:00:20,314:INFO:Initializing plot_model()
2022-08-19 07:00:20,321:INFO:plot_model(fold=StratifiedKFold(n_splits=10, random_state=None, shuffle=False), use_train_data=False, verbose=True, is_in_evaluate=True, display=None, display_format=None, estimator=RidgeClassifier(alpha=1.0, class_weight=None, copy_X=True, fit_intercept=True,
                max_iter=None, normalize=False, random_state=939, solver='auto',
                tol=0.001), feature_name=None, fit_kwargs={}, groups=None, label=False, plot=parameter, plot_kwargs={}, save=False, scale=1, system=True)
2022-08-19 07:00:20,324:INFO:Checking exceptions
2022-08-19 07:00:20,330:INFO:Preparing display monitor
2022-08-19 07:00:20,363:INFO:Preloading libraries
2022-08-19 07:00:20,368:INFO:Copying training dataset
2022-08-19 07:00:20,378:INFO:Copying test dataset
2022-08-19 07:00:20,384:INFO:Plot type: parameter
2022-08-19 07:00:20,417:INFO:Visual Rendered Successfully
2022-08-19 07:00:20,578:INFO:plot_model() succesfully completed......................................
2022-08-19 07:00:24,654:INFO:Initializing plot_model()
2022-08-19 07:00:24,657:INFO:plot_model(fold=StratifiedKFold(n_splits=10, random_state=None, shuffle=False), use_train_data=False, verbose=True, is_in_evaluate=True, display=None, display_format=None, estimator=RidgeClassifier(alpha=1.0, class_weight=None, copy_X=True, fit_intercept=True,
                max_iter=None, normalize=False, random_state=939, solver='auto',
                tol=0.001), feature_name=None, fit_kwargs={}, groups=None, label=False, plot=tree, plot_kwargs={}, save=False, scale=1, system=True)
2022-08-19 07:00:24,659:INFO:Checking exceptions
2022-08-19 07:00:27,812:INFO:Initializing plot_model()
2022-08-19 07:00:27,818:INFO:plot_model(fold=StratifiedKFold(n_splits=10, random_state=None, shuffle=False), use_train_data=False, verbose=True, is_in_evaluate=True, display=None, display_format=None, estimator=RidgeClassifier(alpha=1.0, class_weight=None, copy_X=True, fit_intercept=True,
                max_iter=None, normalize=False, random_state=939, solver='auto',
                tol=0.001), feature_name=None, fit_kwargs={}, groups=None, label=False, plot=gain, plot_kwargs={}, save=False, scale=1, system=True)
2022-08-19 07:00:27,820:INFO:Checking exceptions
2022-08-19 07:00:27,823:INFO:Preparing display monitor
2022-08-19 07:00:27,846:INFO:Preloading libraries
2022-08-19 07:00:27,851:INFO:Copying training dataset
2022-08-19 07:00:27,860:INFO:Copying test dataset
2022-08-19 07:00:27,877:INFO:Plot type: gain
2022-08-19 07:00:27,887:INFO:Generating predictions / predict_proba on X_test
2022-08-19 07:00:50,629:INFO:Initializing plot_model()
2022-08-19 07:00:50,632:INFO:plot_model(fold=StratifiedKFold(n_splits=10, random_state=None, shuffle=False), use_train_data=False, verbose=True, is_in_evaluate=True, display=None, display_format=None, estimator=RidgeClassifier(alpha=1.0, class_weight=None, copy_X=True, fit_intercept=True,
                max_iter=None, normalize=False, random_state=939, solver='auto',
                tol=0.001), feature_name=None, fit_kwargs={}, groups=None, label=False, plot=boundary, plot_kwargs={}, save=False, scale=1, system=True)
2022-08-19 07:00:50,633:INFO:Checking exceptions
2022-08-19 07:00:50,637:INFO:Preparing display monitor
2022-08-19 07:00:50,654:INFO:Preloading libraries
2022-08-19 07:00:50,657:INFO:Copying training dataset
2022-08-19 07:00:50,660:INFO:Copying test dataset
2022-08-19 07:00:50,662:INFO:Plot type: boundary
2022-08-19 07:00:50,677:INFO:Fitting StandardScaler()
2022-08-19 07:00:50,714:INFO:Fitting PCA()
2022-08-19 07:00:50,774:INFO:Initializing get_config()
2022-08-19 07:00:50,783:INFO:get_config(variable=prep_pipe)
2022-08-19 07:00:50,795:INFO:Global variable: prep_pipe returned as Pipeline(memory=None,
         steps=[('dtypes',
                 DataTypes_Auto_infer(categorical_features=[],
                                      display_types=True, features_todrop=[],
                                      id_columns=['PassengerId'],
                                      ml_usecase='classification',
                                      numerical_features=[], target='Survived',
                                      time_features=[])),
                ('imputer',
                 Simple_Imputer(categorical_strategy='not_available',
                                fill_value_categorical=None,
                                fill_value_numerical=Non...
                ('scaling', 'passthrough'), ('P_transform', 'passthrough'),
                ('binn', 'passthrough'), ('rem_outliers', 'passthrough'),
                ('cluster_all', 'passthrough'),
                ('dummy', Dummify(target='Survived')),
                ('fix_perfect', Remove_100(target='Survived')),
                ('clean_names', Clean_Colum_Names()),
                ('feature_select', 'passthrough'), ('fix_multi', 'passthrough'),
                ('dfs', 'passthrough'), ('pca', 'passthrough')],
         verbose=False)
2022-08-19 07:00:50,801:INFO:get_config() succesfully completed......................................
2022-08-19 07:00:50,808:INFO:Fitting Model
2022-08-19 07:00:51,979:INFO:Visual Rendered Successfully
2022-08-19 07:00:52,158:INFO:plot_model() succesfully completed......................................
2022-08-19 07:01:01,506:INFO:Initializing plot_model()
2022-08-19 07:01:01,511:INFO:plot_model(fold=StratifiedKFold(n_splits=10, random_state=None, shuffle=False), use_train_data=False, verbose=True, is_in_evaluate=True, display=None, display_format=None, estimator=RidgeClassifier(alpha=1.0, class_weight=None, copy_X=True, fit_intercept=True,
                max_iter=None, normalize=False, random_state=939, solver='auto',
                tol=0.001), feature_name=None, fit_kwargs={}, groups=None, label=False, plot=confusion_matrix, plot_kwargs={}, save=False, scale=1, system=True)
2022-08-19 07:01:01,513:INFO:Checking exceptions
2022-08-19 07:01:01,517:INFO:Preparing display monitor
2022-08-19 07:01:01,529:INFO:Preloading libraries
2022-08-19 07:01:01,532:INFO:Copying training dataset
2022-08-19 07:01:01,535:INFO:Copying test dataset
2022-08-19 07:01:01,538:INFO:Plot type: confusion_matrix
2022-08-19 07:01:01,541:INFO:Initializing get_config()
2022-08-19 07:01:01,542:INFO:get_config(variable=prep_pipe)
2022-08-19 07:01:01,552:INFO:Global variable: prep_pipe returned as Pipeline(memory=None,
         steps=[('dtypes',
                 DataTypes_Auto_infer(categorical_features=[],
                                      display_types=True, features_todrop=[],
                                      id_columns=['PassengerId'],
                                      ml_usecase='classification',
                                      numerical_features=[], target='Survived',
                                      time_features=[])),
                ('imputer',
                 Simple_Imputer(categorical_strategy='not_available',
                                fill_value_categorical=None,
                                fill_value_numerical=Non...
                ('scaling', 'passthrough'), ('P_transform', 'passthrough'),
                ('binn', 'passthrough'), ('rem_outliers', 'passthrough'),
                ('cluster_all', 'passthrough'),
                ('dummy', Dummify(target='Survived')),
                ('fix_perfect', Remove_100(target='Survived')),
                ('clean_names', Clean_Colum_Names()),
                ('feature_select', 'passthrough'), ('fix_multi', 'passthrough'),
                ('dfs', 'passthrough'), ('pca', 'passthrough')],
         verbose=False)
2022-08-19 07:01:01,560:INFO:get_config() succesfully completed......................................
2022-08-19 07:01:01,563:INFO:Fitting Model
2022-08-19 07:01:01,565:INFO:Scoring test/hold-out set
2022-08-19 07:01:01,749:INFO:Visual Rendered Successfully
2022-08-19 07:01:01,867:INFO:plot_model() succesfully completed......................................
2022-08-19 07:01:13,036:INFO:Initializing plot_model()
2022-08-19 07:01:13,040:INFO:plot_model(fold=StratifiedKFold(n_splits=10, random_state=None, shuffle=False), use_train_data=False, verbose=True, is_in_evaluate=True, display=None, display_format=None, estimator=RidgeClassifier(alpha=1.0, class_weight=None, copy_X=True, fit_intercept=True,
                max_iter=None, normalize=False, random_state=939, solver='auto',
                tol=0.001), feature_name=None, fit_kwargs={}, groups=None, label=False, plot=auc, plot_kwargs={}, save=False, scale=1, system=True)
2022-08-19 07:01:13,041:INFO:Checking exceptions
2022-08-19 07:01:23,408:INFO:Initializing plot_model()
2022-08-19 07:01:23,411:INFO:plot_model(fold=StratifiedKFold(n_splits=10, random_state=None, shuffle=False), use_train_data=False, verbose=True, is_in_evaluate=True, display=None, display_format=None, estimator=RidgeClassifier(alpha=1.0, class_weight=None, copy_X=True, fit_intercept=True,
                max_iter=None, normalize=False, random_state=939, solver='auto',
                tol=0.001), feature_name=None, fit_kwargs={}, groups=None, label=False, plot=threshold, plot_kwargs={}, save=False, scale=1, system=True)
2022-08-19 07:01:23,413:INFO:Checking exceptions
2022-08-19 07:01:23,417:INFO:Preparing display monitor
2022-08-19 07:01:23,434:INFO:Preloading libraries
2022-08-19 07:01:23,440:INFO:Copying training dataset
2022-08-19 07:01:23,443:INFO:Copying test dataset
2022-08-19 07:01:23,445:INFO:Plot type: threshold
2022-08-19 07:01:23,453:INFO:Fitting Model
2022-08-19 07:01:26,212:INFO:Scoring test/hold-out set
2022-08-19 07:01:26,588:INFO:Visual Rendered Successfully
2022-08-19 07:01:26,714:INFO:plot_model() succesfully completed......................................
2022-08-19 07:03:07,793:INFO:Initializing predict_model()
2022-08-19 07:03:07,796:INFO:predict_model(estimator=RidgeClassifier(alpha=1.0, class_weight=None, copy_X=True, fit_intercept=True,
                max_iter=None, normalize=False, random_state=939, solver='auto',
                tol=0.001), probability_threshold=None, encoded_labels=False, drift_report=False, raw_score=False, round=4, verbose=True, ml_usecase=MLUsecase.CLASSIFICATION, display=None, drift_kwargs=None)
2022-08-19 07:03:07,807:INFO:Checking exceptions
2022-08-19 07:03:07,814:INFO:Preloading libraries
2022-08-19 07:03:07,819:INFO:Preparing display monitor
2022-08-19 07:04:04,434:INFO:Initializing save_model()
2022-08-19 07:04:04,439:INFO:save_model(model=RidgeClassifier(alpha=1.0, class_weight=None, copy_X=True, fit_intercept=True,
                max_iter=None, normalize=False, random_state=939, solver='auto',
                tol=0.001), model_name=logistic, prep_pipe_=Pipeline(memory=None,
         steps=[('dtypes',
                 DataTypes_Auto_infer(categorical_features=[],
                                      display_types=True, features_todrop=[],
                                      id_columns=['PassengerId'],
                                      ml_usecase='classification',
                                      numerical_features=[], target='Survived',
                                      time_features=[])),
                ('imputer',
                 Simple_Imputer(categorical_strategy='not_available',
                                fill_value_categorical=None,
                                fill_value_numerical=Non...
                ('scaling', 'passthrough'), ('P_transform', 'passthrough'),
                ('binn', 'passthrough'), ('rem_outliers', 'passthrough'),
                ('cluster_all', 'passthrough'),
                ('dummy', Dummify(target='Survived')),
                ('fix_perfect', Remove_100(target='Survived')),
                ('clean_names', Clean_Colum_Names()),
                ('feature_select', 'passthrough'), ('fix_multi', 'passthrough'),
                ('dfs', 'passthrough'), ('pca', 'passthrough')],
         verbose=False), verbose=True, kwargs={})
2022-08-19 07:04:04,445:INFO:Adding model into prep_pipe
2022-08-19 07:04:04,471:INFO:logistic.pkl saved in current working directory
2022-08-19 07:04:04,488:INFO:Pipeline(memory=None,
         steps=[('dtypes',
                 DataTypes_Auto_infer(categorical_features=[],
                                      display_types=True, features_todrop=[],
                                      id_columns=['PassengerId'],
                                      ml_usecase='classification',
                                      numerical_features=[], target='Survived',
                                      time_features=[])),
                ('imputer',
                 Simple_Imputer(categorical_strategy='not_available',
                                fill_value_categorical=None,
                                fill_value_numerical=Non...
                ('fix_perfect', Remove_100(target='Survived')),
                ('clean_names', Clean_Colum_Names()),
                ('feature_select', 'passthrough'), ('fix_multi', 'passthrough'),
                ('dfs', 'passthrough'), ('pca', 'passthrough'),
                ['trained_model',
                 RidgeClassifier(alpha=1.0, class_weight=None, copy_X=True,
                                 fit_intercept=True, max_iter=None,
                                 normalize=False, random_state=939,
                                 solver='auto', tol=0.001)]],
         verbose=False)
2022-08-19 07:04:04,496:INFO:save_model() successfully completed......................................
2022-08-19 07:04:39,182:INFO:Initializing load_model()
2022-08-19 07:04:39,198:INFO:load_model(model_name=logistic, platform=None, authentication=None, verbose=True)
